<?xml version="1.0" encoding="UTF-8"?>
<testng-results skipped="0" failed="1" ignored="0" total="2" passed="1">
  <reporter-output>
  </reporter-output>
  <suite name="Default suite" duration-ms="9664" started-at="2022-10-27T19:40:12 EDT" finished-at="2022-10-27T19:40:21 EDT">
    <groups>
    </groups>
    <test name="Default test" duration-ms="9664" started-at="2022-10-27T19:40:12 EDT" finished-at="2022-10-27T19:40:21 EDT">
      <class name="pages.test.SignUpPageTest">
        <test-method status="PASS" signature="setUpEnvironment()[pri:0, instance:pages.test.SignUpPageTest@23fe1d71]" name="setUpEnvironment" is-config="true" duration-ms="6991" started-at="2022-10-27T19:40:12 EDT" finished-at="2022-10-27T19:40:19 EDT">
          <reporter-output>
          </reporter-output>
        </test-method> <!-- setUpEnvironment -->
        <test-method status="PASS" signature="verifySignUpBtn()[pri:1, instance:pages.test.SignUpPageTest@23fe1d71]" name="verifySignUpBtn" duration-ms="602" started-at="2022-10-27T19:40:19 EDT" description="This is to verify the sign up button --&gt; Should be clickable, Should open the Add new user page" finished-at="2022-10-27T19:40:19 EDT">
          <reporter-output>
          </reporter-output>
        </test-method> <!-- verifySignUpBtn -->
        <test-method status="FAIL" signature="signUpWithValidInformation()[pri:2, instance:pages.test.SignUpPageTest@23fe1d71]" name="signUpWithValidInformation" duration-ms="1985" started-at="2022-10-27T19:40:19 EDT" description="Sign up with valid information --&gt; User should be able to submit the form successfully" finished-at="2022-10-27T19:40:21 EDT">
          <exception class="java.lang.AssertionError">
            <message>
              <![CDATA[expected [Registration Successfull] but found [Registration Successful]]]>
            </message>
            <full-stacktrace>
              <![CDATA[java.lang.AssertionError: expected [Registration Successfull] but found [Registration Successful]
at org.testng.Assert.fail(Assert.java:99)
at org.testng.Assert.failNotEquals(Assert.java:1037)
at org.testng.Assert.assertEqualsImpl(Assert.java:140)
at org.testng.Assert.assertEquals(Assert.java:122)
at org.testng.Assert.assertEquals(Assert.java:629)
at org.testng.Assert.assertEquals(Assert.java:639)
at pages.test.SignUpPageTest.signUpWithValidInformation(SignUpPageTest.java:49)
at sun.reflect.NativeMethodAccessorImpl.invoke0(Native Method)
at sun.reflect.NativeMethodAccessorImpl.invoke(NativeMethodAccessorImpl.java:62)
at sun.reflect.DelegatingMethodAccessorImpl.invoke(DelegatingMethodAccessorImpl.java:43)
at java.lang.reflect.Method.invoke(Method.java:498)
at org.testng.internal.MethodInvocationHelper.invokeMethod(MethodInvocationHelper.java:133)
at org.testng.internal.TestInvoker.invokeMethod(TestInvoker.java:598)
at org.testng.internal.TestInvoker.invokeTestMethod(TestInvoker.java:173)
at org.testng.internal.MethodRunner.runInSequence(MethodRunner.java:46)
at org.testng.internal.TestInvoker$MethodInvocationAgent.invoke(TestInvoker.java:824)
at org.testng.internal.TestInvoker.invokeTestMethods(TestInvoker.java:146)
at org.testng.internal.TestMethodWorker.invokeTestMethods(TestMethodWorker.java:146)
at org.testng.internal.TestMethodWorker.run(TestMethodWorker.java:128)
at java.util.ArrayList.forEach(ArrayList.java:1259)
at org.testng.TestRunner.privateRun(TestRunner.java:794)
at org.testng.TestRunner.run(TestRunner.java:596)
at org.testng.SuiteRunner.runTest(SuiteRunner.java:377)
at org.testng.SuiteRunner.runSequentially(SuiteRunner.java:371)
at org.testng.SuiteRunner.privateRun(SuiteRunner.java:332)
at org.testng.SuiteRunner.run(SuiteRunner.java:276)
at org.testng.SuiteRunnerWorker.runSuite(SuiteRunnerWorker.java:53)
at org.testng.SuiteRunnerWorker.run(SuiteRunnerWorker.java:96)
at org.testng.TestNG.runSuitesSequentially(TestNG.java:1212)
at org.testng.TestNG.runSuitesLocally(TestNG.java:1134)
at org.testng.TestNG.runSuites(TestNG.java:1063)
at org.testng.TestNG.run(TestNG.java:1031)
at org.testng.remote.AbstractRemoteTestNG.run(AbstractRemoteTestNG.java:115)
at org.testng.remote.RemoteTestNG.initAndRun(RemoteTestNG.java:251)
at org.testng.remote.RemoteTestNG.main(RemoteTestNG.java:77)
]]>
            </full-stacktrace>
          </exception> <!-- java.lang.AssertionError -->
          <reporter-output>
          </reporter-output>
        </test-method> <!-- signUpWithValidInformation -->
        <test-method status="PASS" signature="teardown()[pri:0, instance:pages.test.SignUpPageTest@23fe1d71]" name="teardown" is-config="true" duration-ms="1" started-at="2022-10-27T19:40:21 EDT" finished-at="2022-10-27T19:40:21 EDT">
          <reporter-output>
          </reporter-output>
        </test-method> <!-- teardown -->
      </class> <!-- pages.test.SignUpPageTest -->
    </test> <!-- Default test -->
  </suite> <!-- Default suite -->
</testng-results>
